<?xml version="1.0" encoding="UTF-8"?>
<testsuite xmlns:xsi="http://www.w3.org/2001/XMLSchema-instance" xsi:noNamespaceSchemaLocation="https://maven.apache.org/surefire/maven-surefire-plugin/xsd/surefire-test-report-3.0.xsd" version="3.0" name="com.playground.bodyoft.BodyoftApplicationTests" time="8.08" tests="1" errors="0" skipped="0" failures="0">
  <properties>
[...]
</properties>
  <testcase name="contextLoads" classname="com.playground.bodyoft.BodyoftApplicationTests" time="0.705">
    <system-out><![CDATA[16:49:25.934 [main] INFO org.springframework.test.context.support.AnnotationConfigContextLoaderUtils -- Could not detect default configuration classes for test class [com.playground.bodyoft.BodyoftApplicationTests]: BodyoftApplicationTests does not declare any static, non-private, non-final, nested classes annotated with @Configuration.
16:49:26.056 [main] INFO org.springframework.boot.test.context.SpringBootTestContextBootstrapper -- Found @SpringBootConfiguration com.playground.bodyoft.BodyoftApplication for test class com.playground.bodyoft.BodyoftApplicationTests

  .   ____          _            __ _ _
 /\\ / ___'_ __ _ _(_)_ __  __ _ \ \ \ \
( ( )\___ | '_ | '_| | '_ \/ _` | \ \ \ \
 \\/  ___)| |_)| | | | | || (_| |  ) ) ) )
  '  |____| .__|_| |_|_| |_\__, | / / / /
 =========|_|==============|___/=/_/_/_/
 :: Spring Boot ::                (v3.1.3)

2024-03-19T16:49:26.618-03:00  INFO 10264 --- [           main] c.p.bodyoft.BodyoftApplicationTests      : Starting BodyoftApplicationTests using Java 17.0.2 with PID 10264 (started by mssantos19 in C:\Users\mssantos19\OneDrive-Stefanini\Documents\playground\java-spring\bodyoft)
2024-03-19T16:49:26.621-03:00  INFO 10264 --- [           main] c.p.bodyoft.BodyoftApplicationTests      : No active profile set, falling back to 1 default profile: "default"
2024-03-19T16:49:27.630-03:00  INFO 10264 --- [           main] .s.d.r.c.RepositoryConfigurationDelegate : Bootstrapping Spring Data JPA repositories in DEFAULT mode.
2024-03-19T16:49:27.748-03:00  INFO 10264 --- [           main] .s.d.r.c.RepositoryConfigurationDelegate : Finished Spring Data repository scanning in 106 ms. Found 3 JPA repository interfaces.
2024-03-19T16:49:28.451-03:00  INFO 10264 --- [           main] o.hibernate.jpa.internal.util.LogHelper  : HHH000204: Processing PersistenceUnitInfo [name: default]
2024-03-19T16:49:28.557-03:00  INFO 10264 --- [           main] org.hibernate.Version                    : HHH000412: Hibernate ORM core version 6.2.7.Final
2024-03-19T16:49:28.561-03:00  INFO 10264 --- [           main] org.hibernate.cfg.Environment            : HHH000406: Using bytecode reflection optimizer
2024-03-19T16:49:28.882-03:00  INFO 10264 --- [           main] o.h.b.i.BytecodeProviderInitiator        : HHH000021: Bytecode provider name : bytebuddy
2024-03-19T16:49:29.094-03:00  INFO 10264 --- [           main] o.s.o.j.p.SpringPersistenceUnitInfo      : No LoadTimeWeaver setup: ignoring JPA class transformer
2024-03-19T16:49:29.119-03:00  INFO 10264 --- [           main] com.zaxxer.hikari.HikariDataSource       : HikariPool-1 - Starting...
2024-03-19T16:49:29.499-03:00  INFO 10264 --- [           main] com.zaxxer.hikari.pool.HikariPool        : HikariPool-1 - Added connection org.postgresql.jdbc.PgConnection@60dcf9ec
2024-03-19T16:49:29.503-03:00  INFO 10264 --- [           main] com.zaxxer.hikari.HikariDataSource       : HikariPool-1 - Start completed.
2024-03-19T16:49:30.001-03:00  INFO 10264 --- [           main] o.h.b.i.BytecodeProviderInitiator        : HHH000021: Bytecode provider name : bytebuddy
2024-03-19T16:49:31.143-03:00  INFO 10264 --- [           main] o.h.e.t.j.p.i.JtaPlatformInitiator       : HHH000490: Using JtaPlatform implementation: [org.hibernate.engine.transaction.jta.platform.internal.NoJtaPlatform]
Hibernate: alter table if exists tb_assessments alter column abdomen set data type float4
Hibernate: alter table if exists tb_assessments alter column basal_metabolism set data type float4
Hibernate: alter table if exists tb_assessments alter column body_age set data type float4
Hibernate: alter table if exists tb_assessments alter column chest set data type float4
Hibernate: alter table if exists tb_assessments alter column fat set data type float4
Hibernate: alter table if exists tb_assessments alter column fat_percentage set data type float4
Hibernate: alter table if exists tb_assessments alter column hip set data type float4
Hibernate: alter table if exists tb_assessments alter column lean_mass set data type float4
Hibernate: alter table if exists tb_assessments alter column lean_mass_percentage set data type float4
Hibernate: alter table if exists tb_assessments alter column left_arm set data type float4
Hibernate: alter table if exists tb_assessments alter column left_calf set data type float4
Hibernate: alter table if exists tb_assessments alter column left_thigh set data type float4
Hibernate: alter table if exists tb_assessments alter column right_arm set data type float4
Hibernate: alter table if exists tb_assessments alter column right_calf set data type float4
Hibernate: alter table if exists tb_assessments alter column right_thigh set data type float4
Hibernate: alter table if exists tb_assessments alter column shoulder set data type float4
Hibernate: alter table if exists tb_assessments alter column stature set data type float4
Hibernate: alter table if exists tb_assessments alter column visceral_fatpercentage set data type float4
Hibernate: alter table if exists tb_assessments alter column waist set data type float4
Hibernate: alter table if exists tb_assessments alter column weight set data type float4
Hibernate: alter table if exists tb_students alter column age set data type float4
Hibernate: alter table if exists tb_students alter column creation_date set data type timestamp(6)
Hibernate: alter table if exists tb_students alter column last_update_date set data type timestamp(6)
2024-03-19T16:49:31.348-03:00  INFO 10264 --- [           main] j.LocalContainerEntityManagerFactoryBean : Initialized JPA EntityManagerFactory for persistence unit 'default'
2024-03-19T16:49:31.861-03:00  INFO 10264 --- [           main] o.s.d.j.r.query.QueryEnhancerFactory     : Hibernate is in classpath; If applicable, HQL parser will be used.
2024-03-19T16:49:32.642-03:00  WARN 10264 --- [           main] JpaBaseConfiguration$JpaWebConfiguration : spring.jpa.open-in-view is enabled by default. Therefore, database queries may be performed during view rendering. Explicitly configure spring.jpa.open-in-view to disable this warning
2024-03-19T16:49:33.088-03:00  INFO 10264 --- [           main] c.p.bodyoft.BodyoftApplicationTests      : Started BodyoftApplicationTests in 6.829 seconds (process running for 8.106)
]]></system-out>
  </testcase>
</testsuite>